<?xml version="1.0" encoding="UTF-8"?>
<testng-results ignored="0" total="1" passed="1" failed="0" skipped="0">
  <reporter-output>
  </reporter-output>
  <suite started-at="2018-12-18T07:09:32Z" name="Default suite" finished-at="2018-12-18T07:09:42Z" duration-ms="10709">
    <groups>
    </groups>
    <test started-at="2018-12-18T07:09:32Z" name="Default test" finished-at="2018-12-18T07:09:42Z" duration-ms="10709">
      <class name="webapp_seleniumtest.phpwebapp_test.PhpWebsiteTest">
        <test-method is-config="true" signature="launch()[pri:0, instance:webapp_seleniumtest.phpwebapp_test.PhpWebsiteTest@fa4c865]" started-at="2018-12-18T07:09:32Z" name="launch" finished-at="2018-12-18T07:09:41Z" duration-ms="9691" status="PASS">
          <reporter-output>
          </reporter-output>
        </test-method> <!-- launch -->
        <test-method signature="verifyAboutLink()[pri:0, instance:webapp_seleniumtest.phpwebapp_test.PhpWebsiteTest@fa4c865]" started-at="2018-12-18T07:09:41Z" name="verifyAboutLink" finished-at="2018-12-18T07:09:42Z" duration-ms="556" status="PASS">
          <reporter-output>
          </reporter-output>
        </test-method> <!-- verifyAboutLink -->
        <test-method is-config="true" signature="close()[pri:0, instance:webapp_seleniumtest.phpwebapp_test.PhpWebsiteTest@fa4c865]" started-at="2018-12-18T07:09:42Z" name="close" finished-at="2018-12-18T07:09:42Z" duration-ms="423" status="PASS">
          <reporter-output>
          </reporter-output>
        </test-method> <!-- close -->
      </class> <!-- webapp_seleniumtest.phpwebapp_test.PhpWebsiteTest -->
    </test> <!-- Default test -->
  </suite> <!-- Default suite -->
</testng-results>
